2024.07.05 12:47:27 INFO  ce[][o.s.p.ProcessEntryPoint] Starting ce
2024.07.05 12:47:27 INFO  ce[][o.s.ce.app.CeServer] Compute Engine starting up...
2024.07.05 12:47:27 INFO  ce[][o.s.s.e.EsClientProvider] Connected to local Elasticsearch: [http://localhost:9001]
2024.07.05 12:47:28 INFO  ce[][o.sonar.db.Database] Create JDBC data source for jdbc:h2:tcp://127.0.0.1:9092/sonar
2024.07.05 12:47:29 WARN  ce[][o.s.db.dialect.H2] H2 database should be used for evaluation purpose only.
2024.07.05 12:47:31 INFO  ce[][o.s.s.p.ServerFileSystemImpl] SonarQube home: /opt/sonarqube
2024.07.05 12:47:31 INFO  ce[][o.s.c.c.CePluginRepository] Load plugins
2024.07.05 12:47:33 INFO  ce[][o.s.c.c.ComputeEngineContainerImpl] Running Community edition
2024.07.05 12:47:33 INFO  ce[][o.s.ce.app.CeServer] Compute Engine is operational
2024.07.05 13:07:38 INFO  ce[][o.s.c.t.CeWorkerImpl] Execute task | project=ambillion_demo | type=REPORT | id=AZCDAd9WYPac6wIFYvYQ | submitter=admin
2024.07.05 13:07:43 INFO  ce[AZCDAd9WYPac6wIFYvYQ][o.s.c.t.s.ComputationStepExecutor] Extract report | status=SUCCESS | time=508ms
2024.07.05 13:07:43 INFO  ce[AZCDAd9WYPac6wIFYvYQ][o.s.c.t.s.ComputationStepExecutor] Persist scanner context | status=SUCCESS | time=47ms
2024.07.05 13:07:43 INFO  ce[AZCDAd9WYPac6wIFYvYQ][o.s.c.t.s.ComputationStepExecutor] Propagate analysis warnings from scanner report | status=SUCCESS | time=69ms
2024.07.05 13:07:43 INFO  ce[AZCDAd9WYPac6wIFYvYQ][o.s.c.t.s.ComputationStepExecutor] Generate analysis UUID | status=SUCCESS | time=1ms
2024.07.05 13:07:43 INFO  ce[AZCDAd9WYPac6wIFYvYQ][o.s.c.t.s.ComputationStepExecutor] Load analysis metadata | status=SUCCESS | time=166ms
2024.07.05 13:07:43 INFO  ce[AZCDAd9WYPac6wIFYvYQ][o.s.c.t.s.ComputationStepExecutor] Initialize | status=SUCCESS | time=0ms
2024.07.05 13:07:43 INFO  ce[AZCDAd9WYPac6wIFYvYQ][o.s.c.t.s.ComputationStepExecutor] Build tree of components | components=141 | status=SUCCESS | time=235ms
2024.07.05 13:07:43 INFO  ce[AZCDAd9WYPac6wIFYvYQ][o.s.c.t.s.ComputationStepExecutor] Validate project | status=SUCCESS | time=15ms
2024.07.05 13:07:48 INFO  ce[AZCDAd9WYPac6wIFYvYQ][o.s.c.t.s.ComputationStepExecutor] Load quality profiles | status=SUCCESS | time=4198ms
2024.07.05 13:07:48 INFO  ce[AZCDAd9WYPac6wIFYvYQ][o.s.c.t.s.ComputationStepExecutor] Load Quality gate | status=SUCCESS | time=28ms
2024.07.05 13:07:48 INFO  ce[AZCDAd9WYPac6wIFYvYQ][o.s.c.t.s.ComputationStepExecutor] Load new code period | status=SUCCESS | time=27ms
2024.07.05 13:07:48 INFO  ce[AZCDAd9WYPac6wIFYvYQ][o.s.c.t.s.ComputationStepExecutor] Detect file moves | status=SUCCESS | time=1ms
2024.07.05 13:07:48 INFO  ce[AZCDAd9WYPac6wIFYvYQ][o.s.c.t.s.ComputationStepExecutor] Load duplications | duplications=23 | status=SUCCESS | time=62ms
2024.07.05 13:07:48 INFO  ce[AZCDAd9WYPac6wIFYvYQ][o.s.c.t.s.ComputationStepExecutor] Compute cross project duplications | status=SUCCESS | time=0ms
2024.07.05 13:07:48 INFO  ce[AZCDAd9WYPac6wIFYvYQ][o.s.c.t.s.ComputationStepExecutor] Compute size measures | status=SUCCESS | time=100ms
2024.07.05 13:07:48 INFO  ce[AZCDAd9WYPac6wIFYvYQ][o.s.c.t.s.ComputationStepExecutor] Compute new coverage | status=SUCCESS | time=17ms
2024.07.05 13:07:48 INFO  ce[AZCDAd9WYPac6wIFYvYQ][o.s.c.t.s.ComputationStepExecutor] Compute coverage measures | status=SUCCESS | time=96ms
2024.07.05 13:07:48 INFO  ce[AZCDAd9WYPac6wIFYvYQ][o.s.c.t.s.ComputationStepExecutor] Compute comment measures | status=SUCCESS | time=21ms
2024.07.05 13:07:48 INFO  ce[AZCDAd9WYPac6wIFYvYQ][o.s.c.t.s.ComputationStepExecutor] Copy custom measures | status=SUCCESS | time=12ms
2024.07.05 13:07:48 INFO  ce[AZCDAd9WYPac6wIFYvYQ][o.s.c.t.s.ComputationStepExecutor] Compute duplication measures | status=SUCCESS | time=25ms
2024.07.05 13:07:48 INFO  ce[AZCDAd9WYPac6wIFYvYQ][o.s.c.t.s.ComputationStepExecutor] Compute size measures on new code | status=SUCCESS | time=9ms
2024.07.05 13:07:48 INFO  ce[AZCDAd9WYPac6wIFYvYQ][o.s.c.t.s.ComputationStepExecutor] Compute language distribution | status=SUCCESS | time=46ms
2024.07.05 13:07:48 INFO  ce[AZCDAd9WYPac6wIFYvYQ][o.s.c.t.s.ComputationStepExecutor] Compute test measures | status=SUCCESS | time=7ms
2024.07.05 13:07:48 INFO  ce[AZCDAd9WYPac6wIFYvYQ][o.s.c.t.s.ComputationStepExecutor] Compute complexity measures | status=SUCCESS | time=22ms
2024.07.05 13:07:48 INFO  ce[AZCDAd9WYPac6wIFYvYQ][o.s.c.t.s.ComputationStepExecutor] Load measure computers | status=SUCCESS | time=8ms
2024.07.05 13:07:48 INFO  ce[AZCDAd9WYPac6wIFYvYQ][o.s.c.t.s.ComputationStepExecutor] Compute Quality Profile status | status=SUCCESS | time=9ms
2024.07.05 13:07:52 INFO  ce[AZCDAd9WYPac6wIFYvYQ][o.s.c.t.s.ComputationStepExecutor] Execute component visitors | status=SUCCESS | time=3356ms
2024.07.05 13:07:52 INFO  ce[AZCDAd9WYPac6wIFYvYQ][o.s.c.t.s.ComputationStepExecutor] Checks executed after computation of measures | status=SUCCESS | time=6ms
2024.07.05 13:07:52 INFO  ce[AZCDAd9WYPac6wIFYvYQ][o.s.c.t.s.ComputationStepExecutor] Compute Quality Gate measures | status=SUCCESS | time=38ms
2024.07.05 13:07:52 INFO  ce[AZCDAd9WYPac6wIFYvYQ][o.s.c.t.s.ComputationStepExecutor] Compute Quality profile measures | status=SUCCESS | time=36ms
2024.07.05 13:07:52 INFO  ce[AZCDAd9WYPac6wIFYvYQ][o.s.c.t.s.ComputationStepExecutor] Generate Quality profile events | status=SUCCESS | time=6ms
2024.07.05 13:07:52 INFO  ce[AZCDAd9WYPac6wIFYvYQ][o.s.c.t.s.ComputationStepExecutor] Generate Quality gate events | status=SUCCESS | time=6ms
2024.07.05 13:07:52 INFO  ce[AZCDAd9WYPac6wIFYvYQ][o.s.c.t.s.ComputationStepExecutor] Check upgrade possibility for not analyzed code files. | status=SUCCESS | time=5ms
2024.07.05 13:07:52 INFO  ce[AZCDAd9WYPac6wIFYvYQ][o.s.c.t.s.ComputationStepExecutor] Persist components | status=SUCCESS | time=184ms
2024.07.05 13:07:52 INFO  ce[AZCDAd9WYPac6wIFYvYQ][o.s.c.t.s.ComputationStepExecutor] Persist analysis | status=SUCCESS | time=7ms
2024.07.05 13:07:52 INFO  ce[AZCDAd9WYPac6wIFYvYQ][o.s.c.t.s.ComputationStepExecutor] Persist analysis properties | status=SUCCESS | time=11ms
2024.07.05 13:07:52 INFO  ce[AZCDAd9WYPac6wIFYvYQ][o.s.c.t.s.ComputationStepExecutor] Persist measures | inserts=50 | status=SUCCESS | time=66ms
2024.07.05 13:07:54 INFO  ce[AZCDAd9WYPac6wIFYvYQ][o.s.c.t.s.ComputationStepExecutor] Persist live measures | insertsOrUpdates=4693 | status=SUCCESS | time=2050ms
2024.07.05 13:07:54 INFO  ce[AZCDAd9WYPac6wIFYvYQ][o.s.c.t.s.ComputationStepExecutor] Persist duplication data | insertsOrUpdates=0 | status=SUCCESS | time=83ms
2024.07.05 13:07:54 INFO  ce[AZCDAd9WYPac6wIFYvYQ][o.s.c.t.s.ComputationStepExecutor] Persist new ad hoc Rules | status=SUCCESS | time=0ms
2024.07.05 13:07:55 INFO  ce[AZCDAd9WYPac6wIFYvYQ][o.s.c.t.s.ComputationStepExecutor] Persist issues | cacheSize=280 KB | inserts=541 | updates=0 | merged=0 | status=SUCCESS | time=396ms
2024.07.05 13:07:55 INFO  ce[AZCDAd9WYPac6wIFYvYQ][o.s.c.t.s.ComputationStepExecutor] Persist project links | status=SUCCESS | time=37ms
2024.07.05 13:07:55 INFO  ce[AZCDAd9WYPac6wIFYvYQ][o.s.c.t.s.ComputationStepExecutor] Persist events | status=SUCCESS | time=16ms
2024.07.05 13:07:58 INFO  ce[AZCDAd9WYPac6wIFYvYQ][o.s.c.t.s.ComputationStepExecutor] Persist sources | status=SUCCESS | time=3541ms
2024.07.05 13:07:58 INFO  ce[AZCDAd9WYPac6wIFYvYQ][o.s.c.t.s.ComputationStepExecutor] Persist cross project duplications | status=SUCCESS | time=0ms
2024.07.05 13:07:58 INFO  ce[AZCDAd9WYPac6wIFYvYQ][o.s.c.t.s.ComputationStepExecutor] Enable analysis | status=SUCCESS | time=113ms
2024.07.05 13:07:59 INFO  ce[AZCDAd9WYPac6wIFYvYQ][o.s.c.t.s.ComputationStepExecutor] Update last usage date of quality profiles | status=SUCCESS | time=106ms
2024.07.05 13:07:59 INFO  ce[AZCDAd9WYPac6wIFYvYQ][o.s.c.t.s.ComputationStepExecutor] Purge db | status=SUCCESS | time=606ms
2024.07.05 13:08:05 INFO  ce[AZCDAd9WYPac6wIFYvYQ][o.s.c.t.s.ComputationStepExecutor] Index analysis | status=SUCCESS | time=5363ms
2024.07.05 13:08:05 INFO  ce[AZCDAd9WYPac6wIFYvYQ][o.s.c.t.s.ComputationStepExecutor] Update need issue sync for branch | status=SUCCESS | time=10ms
2024.07.05 13:08:05 INFO  ce[AZCDAd9WYPac6wIFYvYQ][o.s.c.t.s.ComputationStepExecutor] Send issue notifications | newIssuesNotifs=0 | newIssuesDeliveries=0 | myNewIssuesNotifs=0 | myNewIssuesDeliveries=0 | changesNotifs=0 | changesDeliveries=0 | status=SUCCESS | time=12ms
2024.07.05 13:08:05 INFO  ce[AZCDAd9WYPac6wIFYvYQ][o.s.c.t.s.ComputationStepExecutor] Publish task results | status=SUCCESS | time=0ms
2024.07.05 13:08:05 INFO  ce[AZCDAd9WYPac6wIFYvYQ][o.s.c.t.s.ComputationStepExecutor] Trigger refresh of Portfolios and Applications | status=SUCCESS | time=0ms
2024.07.05 13:08:05 INFO  ce[AZCDAd9WYPac6wIFYvYQ][o.s.c.t.p.a.p.PostProjectAnalysisTasksExecutor] Webhooks | globalWebhooks=0 | projectWebhooks=0 | status=SUCCESS | time=12ms
2024.07.05 13:08:05 INFO  ce[AZCDAd9WYPac6wIFYvYQ][o.s.c.t.CeWorkerImpl] Executed task | project=ambillion_demo | type=REPORT | id=AZCDAd9WYPac6wIFYvYQ | submitter=admin | status=SUCCESS | time=26733ms
